<?xml version="1.0" encoding="UTF-8"?>
<!-- Generated by org.testng.reporters.JUnitXMLReporter -->
<testsuite ignored="0" hostname="DESKTOP-MQNK3FA" failures="0" tests="2" name="Test1" time="36.999" errors="0" timestamp="2023-10-09T12:49:40 IST">
  <testcase classname="com.actitime.generic.BaseClass" name="@AfterMethod logOut" time="4.209">
    <failure type="org.openqa.selenium.ElementClickInterceptedException" message="Element &amp;lt;a id=&amp;quot;logoutLink&amp;quot; class=&amp;quot;logout&amp;quot; href=&amp;quot;/logout.do&amp;quot;&amp;gt; is not clickable at point (1479,17) because another element &amp;lt;div id=&amp;quot;preInsertedTransformedMoireId&amp;quot; class=&amp;quot;transformedMoireClass&amp;quot;&amp;gt; obscures it
Build info: version: &amp;apos;4.12.0&amp;apos;, revision: &amp;apos;249f2a7d1b*&amp;apos;
System info: os.name: &amp;apos;Windows 10&amp;apos;, os.arch: &amp;apos;amd64&amp;apos;, os.version: &amp;apos;10.0&amp;apos;, java.version: &amp;apos;17.0.8.1&amp;apos;
Driver info: org.openqa.selenium.firefox.FirefoxDriver
Command: [7cb4dedd-0836-4826-9e4d-689c74e24a0e, clickElement {id=f272fb48-1121-44e0-8f27-b757216d7783}]
Capabilities {acceptInsecureCerts: true, browserName: firefox, browserVersion: 118.0.1, moz:accessibilityChecks: false, moz:buildID: 20230927232528, moz:debuggerAddress: 127.0.0.1:29547, moz:geckodriverVersion: 0.33.0, moz:headless: false, moz:platformVersion: 10.0, moz:processID: 15988, moz:profile: C:\Users\Kishor\AppData\Loc..., moz:shutdownTimeout: 60000, moz:webdriverClick: true, moz:windowless: false, pageLoadStrategy: normal, platformName: windows, proxy: Proxy(), se:cdp: ws://127.0.0.1:29547/devtoo..., se:cdpVersion: 85.0, setWindowRect: true, strictFileInteractability: false, timeouts: {implicit: 0, pageLoad: 300000, script: 30000}, unhandledPromptBehavior: dismiss and notify}
Element: [[FirefoxDriver: firefox on windows (7cb4dedd-0836-4826-9e4d-689c74e24a0e)] -&amp;gt; id: logoutLink]
Session ID: 7cb4dedd-0836-4826-9e4d-689c74e24a0e">
      <![CDATA[org.openqa.selenium.ElementClickInterceptedException: Element <a id="logoutLink" class="logout" href="/logout.do"> is not clickable at point (1479,17) because another element <div id="preInsertedTransformedMoireId" class="transformedMoireClass"> obscures it
Build info: version: '4.12.0', revision: '249f2a7d1b*'
System info: os.name: 'Windows 10', os.arch: 'amd64', os.version: '10.0', java.version: '17.0.8.1'
Driver info: org.openqa.selenium.firefox.FirefoxDriver
Command: [7cb4dedd-0836-4826-9e4d-689c74e24a0e, clickElement {id=f272fb48-1121-44e0-8f27-b757216d7783}]
Capabilities {acceptInsecureCerts: true, browserName: firefox, browserVersion: 118.0.1, moz:accessibilityChecks: false, moz:buildID: 20230927232528, moz:debuggerAddress: 127.0.0.1:29547, moz:geckodriverVersion: 0.33.0, moz:headless: false, moz:platformVersion: 10.0, moz:processID: 15988, moz:profile: C:\Users\Kishor\AppData\Loc..., moz:shutdownTimeout: 60000, moz:webdriverClick: true, moz:windowless: false, pageLoadStrategy: normal, platformName: windows, proxy: Proxy(), se:cdp: ws://127.0.0.1:29547/devtoo..., se:cdpVersion: 85.0, setWindowRect: true, strictFileInteractability: false, timeouts: {implicit: 0, pageLoad: 300000, script: 30000}, unhandledPromptBehavior: dismiss and notify}
Element: [[FirefoxDriver: firefox on windows (7cb4dedd-0836-4826-9e4d-689c74e24a0e)] -> id: logoutLink]
Session ID: 7cb4dedd-0836-4826-9e4d-689c74e24a0e
at org.openqa.selenium.remote.codec.w3c.W3CHttpResponseCodec.createException(W3CHttpResponseCodec.java:200)
at org.openqa.selenium.remote.codec.w3c.W3CHttpResponseCodec.decode(W3CHttpResponseCodec.java:133)
at org.openqa.selenium.remote.codec.w3c.W3CHttpResponseCodec.decode(W3CHttpResponseCodec.java:52)
at org.openqa.selenium.remote.HttpCommandExecutor.execute(HttpCommandExecutor.java:191)
at org.openqa.selenium.remote.service.DriverCommandExecutor.invokeExecute(DriverCommandExecutor.java:196)
at org.openqa.selenium.remote.service.DriverCommandExecutor.execute(DriverCommandExecutor.java:171)
at org.openqa.selenium.remote.RemoteWebDriver.execute(RemoteWebDriver.java:602)
at org.openqa.selenium.remote.RemoteWebElement.execute(RemoteWebElement.java:224)
at org.openqa.selenium.remote.RemoteWebElement.click(RemoteWebElement.java:77)
at org.openqa.selenium.support.pagefactory.internal.LocatingElementHandler.invoke(LocatingElementHandler.java:51)
at jdk.proxy2/jdk.proxy2.$Proxy20.click(Unknown Source)
at com.actitime.pom.HomePage.logout(HomePage.java:24)
at com.actitime.generic.BaseClass.logOut(BaseClass.java:61)
at java.base/java.util.ArrayList.forEach(ArrayList.java:1511)
at java.base/java.util.concurrent.FutureTask.run(FutureTask.java:264)
at java.base/java.util.concurrent.ThreadPoolExecutor.runWorker(ThreadPoolExecutor.java:1136)
at java.base/java.util.concurrent.ThreadPoolExecutor$Worker.run(ThreadPoolExecutor.java:635)
at java.base/java.lang.Thread.run(Thread.java:833)
... Removed 31 stack frames]]>
    </failure>
  </testcase> <!-- @AfterMethod logOut -->
  <testcase classname="com.actitime.generic.BaseClass" name="@BeforeMethod logIn" time="0.0">
    <skipped/>
  </testcase> <!-- @BeforeMethod logIn -->
  <testcase classname="com.actitime.generic.BaseClass" name="@AfterMethod logOut" time="0.0">
    <skipped/>
  </testcase> <!-- @AfterMethod logOut -->
  <testcase classname="com.actitime.generic.BaseClass" name="@AfterClass closeBrowser" time="0.0">
    <skipped/>
  </testcase> <!-- @AfterClass closeBrowser -->
  <testcase classname="com.actitime.testscript.CustomerModule" name="createCustomer" time="0.002"/>
  <testcase classname="com.actitime.testscript.CustomerModule" name="deleteCustomer" time="0.001"/>
</testsuite> <!-- Test1 -->
